<?xml version="1.0" encoding="UTF-8"?>
<!-- Generated by org.testng.reporters.JUnitReportReporter -->
<testsuite hostname="LAPTOP-RVBER594" failures="0" tests="1" name="testNGTest.AlertTest" time="21.167" errors="0" timestamp="2020-05-05T22:34:36 EDT" skipped="0">
  <testcase classname="testNGTest.AlertTest" name="testAlert" time="21.167"/>
  <system-out/>
</testsuite> <!-- testNGTest.AlertTest -->
