<?xml version="1.0" encoding="UTF-8"?>
<!-- Generated by org.testng.reporters.JUnitReportReporter -->
<testsuite hostname="LAPTOP-RVBER594" failures="0" tests="1" name="testNGTest.VerifyRadioButton" time="29.992" errors="0" timestamp="2020-05-01T00:26:31 EDT" skipped="0">
  <testcase classname="testNGTest.VerifyRadioButton" name="verifyRadioAndCheckBoxButton" time="29.992"/>
  <system-out/>
</testsuite> <!-- testNGTest.VerifyRadioButton -->
