<?xml version="1.0" encoding="UTF-8"?>
<!-- Generated by org.testng.reporters.JUnitReportReporter -->
<testsuite hostname="LAPTOP-RVBER594" failures="0" tests="1" name="testNGTest.MouseHoverTest" time="15.624" errors="0" timestamp="2020-05-06T00:05:42 EDT" skipped="0">
  <testcase classname="testNGTest.MouseHoverTest" name="testMouseHover" time="15.624"/>
  <system-out/>
</testsuite> <!-- testNGTest.MouseHoverTest -->
