<?xml version="1.0" encoding="UTF-8"?>
<!-- Generated by org.testng.reporters.JUnitReportReporter -->
<testsuite hostname="LAPTOP-RVBER594" failures="0" tests="1" name="testNGTest.TestIFrame" time="21.361" errors="0" timestamp="2020-05-05T23:20:04 EDT" skipped="0">
  <testcase classname="testNGTest.TestIFrame" name="TestFrame" time="21.361"/>
  <system-out/>
</testsuite> <!-- testNGTest.TestIFrame -->
