<?xml version="1.0" encoding="UTF-8"?>
<!-- Generated by org.testng.reporters.JUnitReportReporter -->
<testsuite hostname="LAPTOP-RVBER594" failures="0" tests="1" name="testNGTest.VerifyWindows" time="18.509" errors="0" timestamp="2020-05-04T23:50:51 EDT" skipped="0">
  <testcase classname="testNGTest.VerifyWindows" name="testWindows" time="18.509"/>
  <system-out/>
</testsuite> <!-- testNGTest.VerifyWindows -->
