<?xml version="1.0" encoding="UTF-8"?>
<!-- Generated by org.testng.reporters.JUnitReportReporter -->
<testsuite hostname="LAPTOP-RVBER594" failures="0" tests="2" name="testNGTest.VerifyRadioButton" time="36.435" errors="0" timestamp="2020-04-28T23:43:16 EDT" skipped="0">
  <testcase classname="testNGTest.VerifyRadioButton" name="VerifyRadioButton" time="15.173"/>
  <system-out/>
  <testcase classname="testNGTest.VerifyRadioButton" name="verifyAllRadioButton" time="21.262"/>
  <system-out/>
</testsuite> <!-- testNGTest.VerifyRadioButton -->
