<?xml version="1.0" encoding="UTF-8"?>
<!-- Generated by org.testng.reporters.JUnitReportReporter -->
<testsuite hostname="LAPTOP-RVBER594" failures="0" tests="1" name="mainFunction.MainDriver" time="7.549" errors="0" timestamp="2020-04-27T21:48:15 EDT" skipped="0">
  <testcase classname="mainFunction.MainDriver" name="test" time="7.549"/>
  <system-out/>
</testsuite> <!-- mainFunction.MainDriver -->
