<?xml version="1.0" encoding="UTF-8"?>
<!-- Generated by org.testng.reporters.JUnitReportReporter -->
<testsuite hostname="LAPTOP-RVBER594" failures="0" tests="1" name="testNGTest.testList" time="32.655" errors="0" timestamp="2020-04-30T20:58:40 EDT" skipped="0">
  <testcase classname="testNGTest.testList" name="test" time="32.655"/>
  <system-out/>
</testsuite> <!-- testNGTest.testList -->
